                                      1 ;--------------------------------------------------------
                                      2 ; File Created by SDCC : free open source ANSI-C Compiler
                                      3 ; Version 4.1.0 #12072 (Linux)
                                      4 ;--------------------------------------------------------
                                      5 	.module main
                                      6 	.optsdcc -mstm8
                                      7 	
                                      8 ;--------------------------------------------------------
                                      9 ; Public variables in this module
                                     10 ;--------------------------------------------------------
                                     11 	.globl _main
                                     12 ;--------------------------------------------------------
                                     13 ; ram data
                                     14 ;--------------------------------------------------------
                                     15 	.area DATA
                                     16 ;--------------------------------------------------------
                                     17 ; ram data
                                     18 ;--------------------------------------------------------
                                     19 	.area INITIALIZED
                                     20 ;--------------------------------------------------------
                                     21 ; Stack segment in internal ram 
                                     22 ;--------------------------------------------------------
                                     23 	.area	SSEG
      000000                         24 __start__stack:
      000000                         25 	.ds	1
                                     26 
                                     27 ;--------------------------------------------------------
                                     28 ; absolute external ram data
                                     29 ;--------------------------------------------------------
                                     30 	.area DABS (ABS)
                                     31 
                                     32 ; default segment ordering for linker
                                     33 	.area HOME
                                     34 	.area GSINIT
                                     35 	.area GSFINAL
                                     36 	.area CONST
                                     37 	.area INITIALIZER
                                     38 	.area CODE
                                     39 
                                     40 ;--------------------------------------------------------
                                     41 ; interrupt vector 
                                     42 ;--------------------------------------------------------
                                     43 	.area HOME
      000000                         44 __interrupt_vect:
      000000 82v00u00u00             45 	int s_GSINIT ; reset
      000004 82v00u00u00             46 	int _TRAP_IRQHandler ; trap
      000008 82 00 00 00             47 	int 0x000000 ; int0
      00000C 82v00u00u00             48 	int _FLASH_IRQHandler ; int1
      000010 82 00 00 00             49 	int 0x000000 ; int2
      000014 82 00 00 00             50 	int 0x000000 ; int3
      000018 82v00u00u00             51 	int _AWU_IRQHandler ; int4
      00001C 82 00 00 00             52 	int 0x000000 ; int5
      000020 82v00u00u00             53 	int _EXTIB_IRQHandler ; int6
      000024 82v00u00u00             54 	int _EXTID_IRQHandler ; int7
      000028 82v00u00u00             55 	int _EXTI0_IRQHandler ; int8
      00002C 82v00u00u00             56 	int _EXTI1_IRQHandler ; int9
      000030 82v00u00u00             57 	int _EXTI2_IRQHandler ; int10
      000034 82v00u00u00             58 	int _EXTI3_IRQHandler ; int11
      000038 82v00u00u00             59 	int _EXTI4_IRQHandler ; int12
      00003C 82v00u00u00             60 	int _EXTI5_IRQHandler ; int13
      000040 82v00u00u00             61 	int _EXTI6_IRQHandler ; int14
      000044 82v00u00u00             62 	int _EXTI7_IRQHandler ; int15
      000048 82 00 00 00             63 	int 0x000000 ; int16
      00004C 82 00 00 00             64 	int 0x000000 ; int17
      000050 82v00u00u00             65 	int _COMP_IRQHandler ; int18
      000054 82v00u00u00             66 	int _TIM2_UPD_OVF_TRG_BRK_IRQHandler ; int19
      000058 82v00u00u00             67 	int _TIM2_CAP_IRQHandler ; int20
      00005C 82v00u00u00             68 	int _TIM3_UPD_OVF_TRG_BRK_IRQHandler ; int21
      000060 82v00u00u00             69 	int _TIM3_CAP_IRQHandler ; int22
      000064 82 00 00 00             70 	int 0x000000 ; int23
      000068 82 00 00 00             71 	int 0x000000 ; int24
      00006C 82v00u00u00             72 	int _TIM4_UPD_OVF_IRQHandler ; int25
      000070 82v00u00u00             73 	int _SPI_IRQHandler ; int26
      000074 82v00u00u00             74 	int _USART_TX_IRQHandler ; int27
      000078 82v00u00u00             75 	int _USART_RX_IRQHandler ; int28
      00007C 82v00u00u00             76 	int _I2C_IRQHandler ; int29
                                     77 ;--------------------------------------------------------
                                     78 ; global & static initialisations
                                     79 ;--------------------------------------------------------
                                     80 	.area HOME
                                     81 	.area GSINIT
                                     82 	.area GSFINAL
                                     83 	.area GSINIT
      000000                         84 __sdcc_init_data:
                                     85 ; stm8_genXINIT() start
      000000 AEr00r00         [ 2]   86 	ldw x, #l_DATA
      000003 27 07            [ 1]   87 	jreq	00002$
      000005                         88 00001$:
      000005 72 4FuFFuFF      [ 1]   89 	clr (s_DATA - 1, x)
      000009 5A               [ 2]   90 	decw x
      00000A 26 F9            [ 1]   91 	jrne	00001$
      00000C                         92 00002$:
      00000C AEr00r00         [ 2]   93 	ldw	x, #l_INITIALIZER
      00000F 27 09            [ 1]   94 	jreq	00004$
      000011                         95 00003$:
      000011 D6uFFuFF         [ 1]   96 	ld	a, (s_INITIALIZER - 1, x)
      000014 D7uFFuFF         [ 1]   97 	ld	(s_INITIALIZED - 1, x), a
      000017 5A               [ 2]   98 	decw	x
      000018 26 F7            [ 1]   99 	jrne	00003$
      00001A                        100 00004$:
                                    101 ; stm8_genXINIT() end
                                    102 	.area GSFINAL
      000000 CCr00r80         [ 2]  103 	jp	__sdcc_program_startup
                                    104 ;--------------------------------------------------------
                                    105 ; Home
                                    106 ;--------------------------------------------------------
                                    107 	.area HOME
                                    108 	.area HOME
      000080                        109 __sdcc_program_startup:
      000080 CCr00r00         [ 2]  110 	jp	_main
                                    111 ;	return from main will return to caller
                                    112 ;--------------------------------------------------------
                                    113 ; code
                                    114 ;--------------------------------------------------------
                                    115 	.area CODE
                                    116 ;	./src/main.c: 43: void main(void)
                                    117 ;	-----------------------------------------
                                    118 ;	 function main
                                    119 ;	-----------------------------------------
      000000                        120 _main:
                                    121 ;	./src/main.c: 45: CONFIG_UNUSED_PINS_STM8L001;
      000000 C6 50 02         [ 1]  122 	ld	a, 0x5002
      000003 AA 2A            [ 1]  123 	or	a, #0x2a
      000005 C7 50 02         [ 1]  124 	ld	0x5002, a
      000008 C6 50 07         [ 1]  125 	ld	a, 0x5007
      00000B AA 17            [ 1]  126 	or	a, #0x17
      00000D C7 50 07         [ 1]  127 	ld	0x5007, a
      000010 C6 50 0C         [ 1]  128 	ld	a, 0x500c
      000013 AA 60            [ 1]  129 	or	a, #0x60
      000015 C7 50 0C         [ 1]  130 	ld	0x500c, a
      000018 C6 50 11         [ 1]  131 	ld	a, 0x5011
      00001B AA FE            [ 1]  132 	or	a, #0xfe
      00001D C7 50 11         [ 1]  133 	ld	0x5011, a
                                    134 ;	./src/main.c: 46: STARTUP_SWIM_DELAY_5S;
      000020 89               [ 2]  135 	PUSHW X 
      000021 88               [ 1]  136 	PUSH A 
      000022 AE FF FF         [ 2]  137 	LDW X,#0xFFFF 
      000025                        138 	 loop1:
      000025 A6 32            [ 1]  139 	LD A,#50 
      000027                        140 	 loop2:
      000027 4A               [ 1]  141 	DEC A 
      000028 26 FD            [ 1]  142 	JRNE loop2 
      00002A 5A               [ 2]  143 	DECW X 
      00002B 26 F8            [ 1]  144 	JRNE loop1 
      00002D 84               [ 1]  145 	POP A 
      00002E 85               [ 2]  146 	POPW X 
                                    147 ;	./src/main.c: 49: while (1)
      00002F                        148 00102$:
      00002F 20 FE            [ 2]  149 	jra	00102$
                                    150 ;	./src/main.c: 53: }
      000031 81               [ 4]  151 	ret
                                    152 	.area CODE
                                    153 	.area CONST
                                    154 	.area INITIALIZER
                                    155 	.area CABS (ABS)
